<?xml version="1.0" encoding="UTF-8"?>
<!-- Generated by org.testng.reporters.JUnitXMLReporter -->
<testsuite ignored="0" hostname="Diksha-PC" failures="5" tests="6" name="Test" time="5.67" errors="0" timestamp="2022-07-12T00:21:04 EDT">
  <testcase classname="StepDefinition.DSAlgoPortal" name="the_user_clicks_the_get_started_button" time="0.018">
    <failure type="io.cucumber.java.PendingException" message="TODO: implement me">
      <![CDATA[io.cucumber.java.PendingException: TODO: implement me
at StepDefinition.DSAlgoPortal.the_user_clicks_the_get_started_button(DSAlgoPortal.java:39)
at java.base/java.util.ArrayList.forEach(ArrayList.java:1511)
... Removed 25 stack frames]]>
    </failure>
  </testcase> <!-- the_user_clicks_the_get_started_button -->
  <testcase classname="StepDefinition.DSAlgoPortal" name="the_user_enters_ds_algo_link" time="0.005">
    <failure type="io.cucumber.java.PendingException" message="TODO: implement me">
      <![CDATA[io.cucumber.java.PendingException: TODO: implement me
at StepDefinition.DSAlgoPortal.the_user_enters_ds_algo_link(DSAlgoPortal.java:27)
at java.base/java.util.ArrayList.forEach(ArrayList.java:1511)
... Removed 25 stack frames]]>
    </failure>
  </testcase> <!-- the_user_enters_ds_algo_link -->
  <testcase classname="StepDefinition.DSAlgoPortal" name="the_user_opens_ds_algo_portal_link" time="0.108"/>
  <testcase classname="StepDefinition.DSAlgoPortal" name="the_user_should_be_redirected_to_homepage" time="0.005">
    <failure type="io.cucumber.java.PendingException" message="TODO: implement me">
      <![CDATA[io.cucumber.java.PendingException: TODO: implement me
at StepDefinition.DSAlgoPortal.the_user_should_be_redirected_to_homepage(DSAlgoPortal.java:45)
at java.base/java.util.ArrayList.forEach(ArrayList.java:1511)
... Removed 25 stack frames]]>
    </failure>
  </testcase> <!-- the_user_should_be_redirected_to_homepage -->
  <testcase classname="StepDefinition.DSAlgoPortal" name="the_user_should_land_in_ds_algo_portal_page" time="0.002">
    <failure type="io.cucumber.java.PendingException" message="TODO: implement me">
      <![CDATA[io.cucumber.java.PendingException: TODO: implement me
at StepDefinition.DSAlgoPortal.the_user_should_land_in_ds_algo_portal_page(DSAlgoPortal.java:33)
at java.base/java.util.ArrayList.forEach(ArrayList.java:1511)
... Removed 25 stack frames]]>
    </failure>
  </testcase> <!-- the_user_should_land_in_ds_algo_portal_page -->
  <testcase classname="StepDefinition.DSAlgoPortal" name="the_user_should_see_pans_with_different_data_structure" time="0.0">
    <failure type="org.testng.TestNGException" message="
Cannot inject @Test annotated Method [the_user_should_see_pans_with_different_data_structure] with [class java.lang.Integer].
For more information on native dependency injection please refer to https://testng.org/doc/documentation-main.html#native-dependency-injection">
      <![CDATA[org.testng.TestNGException: 
Cannot inject @Test annotated Method [the_user_should_see_pans_with_different_data_structure] with [class java.lang.Integer].
For more information on native dependency injection please refer to https://testng.org/doc/documentation-main.html#native-dependency-injection
at java.base/java.util.ArrayList.forEach(ArrayList.java:1511)
... Removed 26 stack frames]]>
    </failure>
  </testcase> <!-- the_user_should_see_pans_with_different_data_structure -->
</testsuite> <!-- Test -->
